android/app/build/intermediates/manifest_merge_blame_file/debug/manifest-merger-blame-debug-report.txt
1<?xml version="1.0" encoding="utf-8"?>
2<manifest xmlns:android="http://schemas.android.com/apk/res/android"
3    package="com.lavapit"
4    android:versionCode="1"
5    android:versionName="1.0" >
6
7    <uses-sdk
8        android:minSdkVersion="16"
9        android:targetSdkVersion="29" />
10
11    <uses-permission android:name="android.permission.SYSTEM_ALERT_WINDOW" />
11-->src/debug/AndroidManifest.xml:5:5-77
11-->src/debug/AndroidManifest.xml:5:22-75
12    <uses-permission android:name="android.permission.INTERNET" />
12-->src/main/AndroidManifest.xml:4:5-67
12-->src/main/AndroidManifest.xml:4:22-64
13    <uses-permission android:name="android.permission.ACCESS_WIFI_STATE" />
13-->[com.facebook.flipper:flipper:0.54.0] AndroidManifest.xml:16:5-76
13-->[com.facebook.flipper:flipper:0.54.0] AndroidManifest.xml:16:22-73
14    <uses-permission android:name="android.permission.ACCESS_NETWORK_STATE" /> <!-- Android package visibility setting -->
14-->[com.google.android.gms:play-services-ads-lite:19.8.0] AndroidManifest.xml:24:5-79
14-->[com.google.android.gms:play-services-ads-lite:19.8.0] AndroidManifest.xml:24:22-76
15    <queries>
15-->[com.google.android.gms:play-services-ads-lite:19.8.0] AndroidManifest.xml:27:5-43:15
16
17        <!-- For browser content -->
18        <intent>
18-->[com.google.android.gms:play-services-ads-lite:19.8.0] AndroidManifest.xml:30:9-36:18
19            <action android:name="android.intent.action.VIEW" />
19-->[com.google.android.gms:play-services-ads-lite:19.8.0] AndroidManifest.xml:31:13-65
19-->[com.google.android.gms:play-services-ads-lite:19.8.0] AndroidManifest.xml:31:21-62
20
21            <category android:name="android.intent.category.BROWSABLE" />
21-->[com.google.android.gms:play-services-ads-lite:19.8.0] AndroidManifest.xml:33:13-74
21-->[com.google.android.gms:play-services-ads-lite:19.8.0] AndroidManifest.xml:33:23-71
22
23            <data android:scheme="https" />
23-->[com.google.android.gms:play-services-ads-lite:19.8.0] AndroidManifest.xml:35:13-44
23-->[com.google.android.gms:play-services-ads-lite:19.8.0] AndroidManifest.xml:35:19-41
24        </intent>
25        <!-- End of browser content -->
26        <!-- For CustomTabsService -->
27        <intent>
27-->[com.google.android.gms:play-services-ads-lite:19.8.0] AndroidManifest.xml:39:9-41:18
28            <action android:name="android.support.customtabs.action.CustomTabsService" />
28-->[com.google.android.gms:play-services-ads-lite:19.8.0] AndroidManifest.xml:40:13-90
28-->[com.google.android.gms:play-services-ads-lite:19.8.0] AndroidManifest.xml:40:21-87
29        </intent>
30        <!-- End of CustomTabsService -->
31    </queries>
32
33    <uses-permission android:name="android.permission.WAKE_LOCK" />
33-->[com.google.android.gms:play-services-measurement-sdk-api:18.0.0] AndroidManifest.xml:25:5-68
33-->[com.google.android.gms:play-services-measurement-sdk-api:18.0.0] AndroidManifest.xml:25:22-65
34    <uses-permission android:name="android.permission.RECEIVE_BOOT_COMPLETED" />
34-->[androidx.work:work-runtime:2.1.0] AndroidManifest.xml:27:5-81
34-->[androidx.work:work-runtime:2.1.0] AndroidManifest.xml:27:22-78
35
36    <application
36-->src/main/AndroidManifest.xml:6:5-27:19
37        android:name="com.lavapit.MainApplication"
37-->src/main/AndroidManifest.xml:7:7-38
38        android:allowBackup="false"
38-->src/main/AndroidManifest.xml:11:7-34
39        android:appComponentFactory="androidx.core.app.CoreComponentFactory"
39-->[androidx.core:core:1.2.0] AndroidManifest.xml:24:18-86
40        android:debuggable="true"
41        android:icon="@mipmap/ic_launcher"
41-->src/main/AndroidManifest.xml:9:7-41
42        android:label="@string/app_name"
42-->src/main/AndroidManifest.xml:8:7-39
43        android:roundIcon="@mipmap/ic_launcher_round"
43-->src/main/AndroidManifest.xml:10:7-52
44        android:theme="@style/AppTheme"
44-->src/main/AndroidManifest.xml:12:7-38
45        android:usesCleartextTraffic="true" >
45-->src/debug/AndroidManifest.xml:7:18-53
46        <meta-data
46-->src/main/AndroidManifest.xml:13:9-133
47            android:name="com.google.android.gms.ads.APPLICATION_ID"
47-->src/main/AndroidManifest.xml:13:20-76
48            android:value="ca-app-pub-7621248326587252~7929611000" />
48-->src/main/AndroidManifest.xml:13:77-131
49
50        <activity
50-->src/main/AndroidManifest.xml:14:9-25:18
51            android:name="com.lavapit.MainActivity"
51-->src/main/AndroidManifest.xml:15:9-37
52            android:configChanges="keyboard|keyboardHidden|orientation|screenSize|uiMode"
52-->src/main/AndroidManifest.xml:18:9-86
53            android:label="@string/app_name"
53-->src/main/AndroidManifest.xml:16:9-41
54            android:launchMode="singleTask"
54-->src/main/AndroidManifest.xml:19:9-40
55            android:screenOrientation="landscape"
55-->src/main/AndroidManifest.xml:17:9-46
56            android:windowSoftInputMode="adjustResize" >
56-->src/main/AndroidManifest.xml:20:9-51
57            <intent-filter>
57-->src/main/AndroidManifest.xml:21:9-24:25
58                <action android:name="android.intent.action.MAIN" />
58-->src/main/AndroidManifest.xml:22:13-65
58-->src/main/AndroidManifest.xml:22:21-62
59
60                <category android:name="android.intent.category.LAUNCHER" />
60-->src/main/AndroidManifest.xml:23:13-73
60-->src/main/AndroidManifest.xml:23:23-70
61            </intent-filter>
62        </activity>
63        <activity android:name="com.facebook.react.devsupport.DevSettingsActivity" /> <!-- Include the AdActivity and InAppPurchaseActivity configChanges and themes. -->
63-->src/main/AndroidManifest.xml:26:7-84
63-->src/main/AndroidManifest.xml:26:17-81
64        <activity
64-->[com.google.android.gms:play-services-ads-lite:19.8.0] AndroidManifest.xml:48:9-52:64
65            android:name="com.google.android.gms.ads.AdActivity"
65-->[com.google.android.gms:play-services-ads-lite:19.8.0] AndroidManifest.xml:49:13-65
66            android:configChanges="keyboard|keyboardHidden|orientation|screenLayout|uiMode|screenSize|smallestScreenSize"
66-->[com.google.android.gms:play-services-ads-lite:19.8.0] AndroidManifest.xml:50:13-122
67            android:exported="false"
67-->[com.google.android.gms:play-services-ads-lite:19.8.0] AndroidManifest.xml:51:13-37
68            android:theme="@android:style/Theme.Translucent" />
68-->[com.google.android.gms:play-services-ads-lite:19.8.0] AndroidManifest.xml:52:13-61
69
70        <provider
70-->[com.google.android.gms:play-services-ads-lite:19.8.0] AndroidManifest.xml:54:9-58:39
71            android:name="com.google.android.gms.ads.MobileAdsInitProvider"
71-->[com.google.android.gms:play-services-ads-lite:19.8.0] AndroidManifest.xml:55:13-76
72            android:authorities="com.lavapit.mobileadsinitprovider"
72-->[com.google.android.gms:play-services-ads-lite:19.8.0] AndroidManifest.xml:56:13-73
73            android:exported="false"
73-->[com.google.android.gms:play-services-ads-lite:19.8.0] AndroidManifest.xml:57:13-37
74            android:initOrder="100" />
74-->[com.google.android.gms:play-services-ads-lite:19.8.0] AndroidManifest.xml:58:13-36
75
76        <service
76-->[com.google.android.gms:play-services-ads-lite:19.8.0] AndroidManifest.xml:60:9-63:40
77            android:name="com.google.android.gms.ads.AdService"
77-->[com.google.android.gms:play-services-ads-lite:19.8.0] AndroidManifest.xml:61:13-64
78            android:enabled="true"
78-->[com.google.android.gms:play-services-ads-lite:19.8.0] AndroidManifest.xml:62:13-35
79            android:exported="false" />
79-->[com.google.android.gms:play-services-ads-lite:19.8.0] AndroidManifest.xml:63:13-37
80
81        <meta-data
81-->[com.google.android.gms:play-services-basement:17.3.0] AndroidManifest.xml:23:9-25:69
82            android:name="com.google.android.gms.version"
82-->[com.google.android.gms:play-services-basement:17.3.0] AndroidManifest.xml:24:13-58
83            android:value="@integer/google_play_services_version" />
83-->[com.google.android.gms:play-services-basement:17.3.0] AndroidManifest.xml:25:13-66
84
85        <provider
85-->[androidx.work:work-runtime:2.1.0] AndroidManifest.xml:30:9-36:35
86            android:name="androidx.work.impl.WorkManagerInitializer"
86-->[androidx.work:work-runtime:2.1.0] AndroidManifest.xml:31:13-69
87            android:authorities="com.lavapit.workmanager-init"
87-->[androidx.work:work-runtime:2.1.0] AndroidManifest.xml:32:13-68
88            android:directBootAware="false"
88-->[androidx.work:work-runtime:2.1.0] AndroidManifest.xml:33:13-44
89            android:exported="false"
89-->[androidx.work:work-runtime:2.1.0] AndroidManifest.xml:34:13-37
90            android:multiprocess="true" />
90-->[androidx.work:work-runtime:2.1.0] AndroidManifest.xml:35:13-40
91
92        <service
92-->[androidx.work:work-runtime:2.1.0] AndroidManifest.xml:38:9-43:35
93            android:name="androidx.work.impl.background.systemalarm.SystemAlarmService"
93-->[androidx.work:work-runtime:2.1.0] AndroidManifest.xml:39:13-88
94            android:directBootAware="false"
94-->[androidx.work:work-runtime:2.1.0] AndroidManifest.xml:40:13-44
95            android:enabled="@bool/enable_system_alarm_service_default"
95-->[androidx.work:work-runtime:2.1.0] AndroidManifest.xml:41:13-72
96            android:exported="false" />
96-->[androidx.work:work-runtime:2.1.0] AndroidManifest.xml:42:13-37
97        <service
97-->[androidx.work:work-runtime:2.1.0] AndroidManifest.xml:44:9-50:35
98            android:name="androidx.work.impl.background.systemjob.SystemJobService"
98-->[androidx.work:work-runtime:2.1.0] AndroidManifest.xml:45:13-84
99            android:directBootAware="false"
99-->[androidx.work:work-runtime:2.1.0] AndroidManifest.xml:46:13-44
100            android:enabled="@bool/enable_system_job_service_default"
100-->[androidx.work:work-runtime:2.1.0] AndroidManifest.xml:47:13-70
101            android:exported="true"
101-->[androidx.work:work-runtime:2.1.0] AndroidManifest.xml:48:13-36
102            android:permission="android.permission.BIND_JOB_SERVICE" />
102-->[androidx.work:work-runtime:2.1.0] AndroidManifest.xml:49:13-69
103
104        <receiver
104-->[androidx.work:work-runtime:2.1.0] AndroidManifest.xml:52:9-57:35
105            android:name="androidx.work.impl.utils.ForceStopRunnable$BroadcastReceiver"
105-->[androidx.work:work-runtime:2.1.0] AndroidManifest.xml:53:13-88
106            android:directBootAware="false"
106-->[androidx.work:work-runtime:2.1.0] AndroidManifest.xml:54:13-44
107            android:enabled="true"
107-->[androidx.work:work-runtime:2.1.0] AndroidManifest.xml:55:13-35
108            android:exported="false" />
108-->[androidx.work:work-runtime:2.1.0] AndroidManifest.xml:56:13-37
109        <receiver
109-->[androidx.work:work-runtime:2.1.0] AndroidManifest.xml:58:9-68:20
110            android:name="androidx.work.impl.background.systemalarm.ConstraintProxy$BatteryChargingProxy"
110-->[androidx.work:work-runtime:2.1.0] AndroidManifest.xml:59:13-106
111            android:directBootAware="false"
111-->[androidx.work:work-runtime:2.1.0] AndroidManifest.xml:60:13-44
112            android:enabled="false"
112-->[androidx.work:work-runtime:2.1.0] AndroidManifest.xml:61:13-36
113            android:exported="false" >
113-->[androidx.work:work-runtime:2.1.0] AndroidManifest.xml:62:13-37
114            <intent-filter>
114-->[androidx.work:work-runtime:2.1.0] AndroidManifest.xml:64:13-67:29
115                <action android:name="android.intent.action.ACTION_POWER_CONNECTED" />
115-->[androidx.work:work-runtime:2.1.0] AndroidManifest.xml:65:17-87
115-->[androidx.work:work-runtime:2.1.0] AndroidManifest.xml:65:25-84
116                <action android:name="android.intent.action.ACTION_POWER_DISCONNECTED" />
116-->[androidx.work:work-runtime:2.1.0] AndroidManifest.xml:66:17-90
116-->[androidx.work:work-runtime:2.1.0] AndroidManifest.xml:66:25-87
117            </intent-filter>
118        </receiver>
119        <receiver
119-->[androidx.work:work-runtime:2.1.0] AndroidManifest.xml:69:9-79:20
120            android:name="androidx.work.impl.background.systemalarm.ConstraintProxy$BatteryNotLowProxy"
120-->[androidx.work:work-runtime:2.1.0] AndroidManifest.xml:70:13-104
121            android:directBootAware="false"
121-->[androidx.work:work-runtime:2.1.0] AndroidManifest.xml:71:13-44
122            android:enabled="false"
122-->[androidx.work:work-runtime:2.1.0] AndroidManifest.xml:72:13-36
123            android:exported="false" >
123-->[androidx.work:work-runtime:2.1.0] AndroidManifest.xml:73:13-37
124            <intent-filter>
124-->[androidx.work:work-runtime:2.1.0] AndroidManifest.xml:75:13-78:29
125                <action android:name="android.intent.action.BATTERY_OKAY" />
125-->[androidx.work:work-runtime:2.1.0] AndroidManifest.xml:76:17-77
125-->[androidx.work:work-runtime:2.1.0] AndroidManifest.xml:76:25-74
126                <action android:name="android.intent.action.BATTERY_LOW" />
126-->[androidx.work:work-runtime:2.1.0] AndroidManifest.xml:77:17-76
126-->[androidx.work:work-runtime:2.1.0] AndroidManifest.xml:77:25-73
127            </intent-filter>
128        </receiver>
129        <receiver
129-->[androidx.work:work-runtime:2.1.0] AndroidManifest.xml:80:9-90:20
130            android:name="androidx.work.impl.background.systemalarm.ConstraintProxy$StorageNotLowProxy"
130-->[androidx.work:work-runtime:2.1.0] AndroidManifest.xml:81:13-104
131            android:directBootAware="false"
131-->[androidx.work:work-runtime:2.1.0] AndroidManifest.xml:82:13-44
132            android:enabled="false"
132-->[androidx.work:work-runtime:2.1.0] AndroidManifest.xml:83:13-36
133            android:exported="false" >
133-->[androidx.work:work-runtime:2.1.0] AndroidManifest.xml:84:13-37
134            <intent-filter>
134-->[androidx.work:work-runtime:2.1.0] AndroidManifest.xml:86:13-89:29
135                <action android:name="android.intent.action.DEVICE_STORAGE_LOW" />
135-->[androidx.work:work-runtime:2.1.0] AndroidManifest.xml:87:17-83
135-->[androidx.work:work-runtime:2.1.0] AndroidManifest.xml:87:25-80
136                <action android:name="android.intent.action.DEVICE_STORAGE_OK" />
136-->[androidx.work:work-runtime:2.1.0] AndroidManifest.xml:88:17-82
136-->[androidx.work:work-runtime:2.1.0] AndroidManifest.xml:88:25-79
137            </intent-filter>
138        </receiver>
139        <receiver
139-->[androidx.work:work-runtime:2.1.0] AndroidManifest.xml:91:9-100:20
140            android:name="androidx.work.impl.background.systemalarm.ConstraintProxy$NetworkStateProxy"
140-->[androidx.work:work-runtime:2.1.0] AndroidManifest.xml:92:13-103
141            android:directBootAware="false"
141-->[androidx.work:work-runtime:2.1.0] AndroidManifest.xml:93:13-44
142            android:enabled="false"
142-->[androidx.work:work-runtime:2.1.0] AndroidManifest.xml:94:13-36
143            android:exported="false" >
143-->[androidx.work:work-runtime:2.1.0] AndroidManifest.xml:95:13-37
144            <intent-filter>
144-->[androidx.work:work-runtime:2.1.0] AndroidManifest.xml:97:13-99:29
145                <action android:name="android.net.conn.CONNECTIVITY_CHANGE" />
145-->[androidx.work:work-runtime:2.1.0] AndroidManifest.xml:98:17-79
145-->[androidx.work:work-runtime:2.1.0] AndroidManifest.xml:98:25-76
146            </intent-filter>
147        </receiver>
148        <receiver
148-->[androidx.work:work-runtime:2.1.0] AndroidManifest.xml:101:9-112:20
149            android:name="androidx.work.impl.background.systemalarm.RescheduleReceiver"
149-->[androidx.work:work-runtime:2.1.0] AndroidManifest.xml:102:13-88
150            android:directBootAware="false"
150-->[androidx.work:work-runtime:2.1.0] AndroidManifest.xml:103:13-44
151            android:enabled="false"
151-->[androidx.work:work-runtime:2.1.0] AndroidManifest.xml:104:13-36
152            android:exported="false" >
152-->[androidx.work:work-runtime:2.1.0] AndroidManifest.xml:105:13-37
153            <intent-filter>
153-->[androidx.work:work-runtime:2.1.0] AndroidManifest.xml:107:13-111:29
154                <action android:name="android.intent.action.BOOT_COMPLETED" />
154-->[androidx.work:work-runtime:2.1.0] AndroidManifest.xml:108:17-79
154-->[androidx.work:work-runtime:2.1.0] AndroidManifest.xml:108:25-76
155                <action android:name="android.intent.action.TIME_SET" />
155-->[androidx.work:work-runtime:2.1.0] AndroidManifest.xml:109:17-73
155-->[androidx.work:work-runtime:2.1.0] AndroidManifest.xml:109:25-70
156                <action android:name="android.intent.action.TIMEZONE_CHANGED" />
156-->[androidx.work:work-runtime:2.1.0] AndroidManifest.xml:110:17-81
156-->[androidx.work:work-runtime:2.1.0] AndroidManifest.xml:110:25-78
157            </intent-filter>
158        </receiver>
159        <receiver
159-->[androidx.work:work-runtime:2.1.0] AndroidManifest.xml:113:9-122:20
160            android:name="androidx.work.impl.background.systemalarm.ConstraintProxyUpdateReceiver"
160-->[androidx.work:work-runtime:2.1.0] AndroidManifest.xml:114:13-99
161            android:directBootAware="false"
161-->[androidx.work:work-runtime:2.1.0] AndroidManifest.xml:115:13-44
162            android:enabled="@bool/enable_system_alarm_service_default"
162-->[androidx.work:work-runtime:2.1.0] AndroidManifest.xml:116:13-72
163            android:exported="false" >
163-->[androidx.work:work-runtime:2.1.0] AndroidManifest.xml:117:13-37
164            <intent-filter>
164-->[androidx.work:work-runtime:2.1.0] AndroidManifest.xml:119:13-121:29
165                <action android:name="androidx.work.impl.background.systemalarm.UpdateProxies" />
165-->[androidx.work:work-runtime:2.1.0] AndroidManifest.xml:120:17-98
165-->[androidx.work:work-runtime:2.1.0] AndroidManifest.xml:120:25-95
166            </intent-filter>
167        </receiver>
168
169        <service
169-->[androidx.room:room-runtime:2.1.0] AndroidManifest.xml:25:9-27:40
170            android:name="androidx.room.MultiInstanceInvalidationService"
170-->[androidx.room:room-runtime:2.1.0] AndroidManifest.xml:26:13-74
171            android:exported="false" />
171-->[androidx.room:room-runtime:2.1.0] AndroidManifest.xml:27:13-37
172    </application>
173
174</manifest>